<?xml version="1.0" encoding="UTF-8"?>
<!-- Generated by org.testng.reporters.JUnitReportReporter -->
<testsuite skipped="0" hostname="welcome-PC" name="com.capsule.qa.testcases.LoginPageTest" tests="1" failures="0" timestamp="23 Jun 2019 13:19:39 GMT" time="16.448" errors="0">
  <testcase name="signInTest" time="16.448" classname="com.capsule.qa.testcases.LoginPageTest"/>
</testsuite> <!-- com.capsule.qa.testcases.LoginPageTest -->
