<?xml version="1.0" encoding="UTF-8"?>
<!-- Generated by org.testng.reporters.JUnitReportReporter -->
<testsuite skipped="0" hostname="welcome-PC" name="com.capsule.qa.testcases.CasePageTest" tests="1" failures="0" timestamp="24 Jun 2019 02:13:19 GMT" time="12.918" errors="0">
  <testcase name="navigateToNewCasePage" time="12.918" classname="com.capsule.qa.testcases.CasePageTest"/>
</testsuite> <!-- com.capsule.qa.testcases.CasePageTest -->
