<?xml version="1.0" encoding="UTF-8"?>
<!-- Generated by org.testng.reporters.JUnitReportReporter -->
<testsuite skipped="0" hostname="welcome-PC" name="com.capsule.qa.testcases.HomePageTest" tests="2" failures="0" timestamp="23 Jun 2019 23:06:03 GMT" time="44.071" errors="0">
  <testcase name="verifyPersonTitleTest" time="20.932" classname="com.capsule.qa.testcases.HomePageTest"/>
  <testcase name="validateNewPersonTest" time="23.139" classname="com.capsule.qa.testcases.HomePageTest"/>
</testsuite> <!-- com.capsule.qa.testcases.HomePageTest -->
