<?xml version="1.0" encoding="UTF-8"?>
<!-- Generated by org.testng.reporters.JUnitReportReporter -->
<testsuite skipped="0" hostname="welcome-PC" name="com.capsule.qa.testcases.AccountSettingsPageTest" tests="1" failures="0" timestamp="25 Jun 2019 20:17:41 GMT" time="29.125" errors="0">
  <testcase name="validateTrashTabTest" time="29.125" classname="com.capsule.qa.testcases.AccountSettingsPageTest"/>
</testsuite> <!-- com.capsule.qa.testcases.AccountSettingsPageTest -->
