<?xml version="1.0" encoding="UTF-8"?>
<!-- Generated by org.testng.reporters.JUnitReportReporter -->
<testsuite skipped="0" hostname="welcome-PC" name="com.capsule.qa.testcases.NewCasePageTest" tests="1" failures="0" timestamp="24 Jun 2019 15:09:32 GMT" time="17.890" errors="0">
  <testcase name="verifyNewCaseNameTest" time="17.890" classname="com.capsule.qa.testcases.NewCasePageTest"/>
</testsuite> <!-- com.capsule.qa.testcases.NewCasePageTest -->
