<?xml version="1.0" encoding="UTF-8"?>
<!-- Generated by org.testng.reporters.JUnitReportReporter -->
<testsuite skipped="0" hostname="welcome-PC" name="com.capsule.qa.testcases.NewUserPageTest" tests="1" failures="0" timestamp="25 Jun 2019 23:06:16 GMT" time="15.836" errors="0">
  <testcase name="validateNewUserTest" time="15.836" classname="com.capsule.qa.testcases.NewUserPageTest"/>
</testsuite> <!-- com.capsule.qa.testcases.NewUserPageTest -->
