<?xml version="1.0" encoding="UTF-8"?>
<!-- Generated by org.testng.reporters.JUnitReportReporter -->
<testsuite skipped="0" hostname="welcome-PC" name="com.capsule.qa.testcases.ContactsPageTest" tests="1" failures="0" timestamp="24 Jun 2019 02:57:26 GMT" time="17.844" errors="0">
  <testcase name="validateNewPersonTest" time="17.844" classname="com.capsule.qa.testcases.ContactsPageTest"/>
</testsuite> <!-- com.capsule.qa.testcases.ContactsPageTest -->
