<?xml version="1.0" encoding="UTF-8"?>
<!-- Generated by org.testng.reporters.JUnitReportReporter -->
<testsuite skipped="0" hostname="welcome-PC" name="com.capsule.qa.testcases.PeoplePageTest" tests="2" failures="0" timestamp="23 Jun 2019 23:58:49 GMT" time="25.220" errors="0">
  <testcase name="verifyPeoplePageTitleTest" time="12.532" classname="com.capsule.qa.testcases.PeoplePageTest"/>
  <testcase name="navigateToContactsPage" time="12.688" classname="com.capsule.qa.testcases.PeoplePageTest"/>
</testsuite> <!-- com.capsule.qa.testcases.PeoplePageTest -->
